<?xml version="1.0" encoding="UTF-8"?>
<!-- Generated by org.testng.reporters.JUnitXMLReporter -->
<testsuite ignored="0" hostname="DESKTOP-Q1R5N4I" failures="0" tests="6" name="Default test" time="4.892" errors="0" timestamp="03 May 2021 12:11:48 GMT">
  <testcase classname="files.DynamicJson" name="addBook" time="2.621"/>
  <testcase classname="files.DynamicJson" name="addBook" time="0.464"/>
  <testcase classname="files.DynamicJson" name="addBook" time="0.488"/>
  <testcase classname="files.DynamicJson" name="deleteBook" time="0.409"/>
  <testcase classname="files.DynamicJson" name="deleteBook" time="0.441"/>
  <testcase classname="files.DynamicJson" name="deleteBook" time="0.427"/>
</testsuite> <!-- Default test -->
