<?xml version="1.0" encoding="UTF-8"?>
<testng-results ignored="0" total="6" passed="6" failed="0" skipped="0">
  <reporter-output>
  </reporter-output>
  <suite started-at="2021-05-03T12:11:43Z" name="Default suite" finished-at="2021-05-03T12:11:48Z" duration-ms="4892">
    <groups>
    </groups>
    <test started-at="2021-05-03T12:11:43Z" name="Default test" finished-at="2021-05-03T12:11:48Z" duration-ms="4892">
      <class name="files.DynamicJson">
        <test-method signature="addBook(java.lang.String, java.lang.String)[pri:0, instance:files.DynamicJson@1cf6d1be]" started-at="2021-05-03T12:11:43Z" name="addBook" data-provider="BooksData" finished-at="2021-05-03T12:11:46Z" duration-ms="2621" status="PASS">
          <params>
            <param index="0">
              <value>
                <![CDATA[ojobm]]>
              </value>
            </param>
            <param index="1">
              <value>
                <![CDATA[248]]>
              </value>
            </param>
          </params>
          <reporter-output>
          </reporter-output>
        </test-method> <!-- addBook -->
        <test-method signature="addBook(java.lang.String, java.lang.String)[pri:0, instance:files.DynamicJson@1cf6d1be]" started-at="2021-05-03T12:11:46Z" name="addBook" data-provider="BooksData" finished-at="2021-05-03T12:11:46Z" duration-ms="464" status="PASS">
          <params>
            <param index="0">
              <value>
                <![CDATA[khfu]]>
              </value>
            </param>
            <param index="1">
              <value>
                <![CDATA[548]]>
              </value>
            </param>
          </params>
          <reporter-output>
          </reporter-output>
        </test-method> <!-- addBook -->
        <test-method signature="addBook(java.lang.String, java.lang.String)[pri:0, instance:files.DynamicJson@1cf6d1be]" started-at="2021-05-03T12:11:46Z" name="addBook" data-provider="BooksData" finished-at="2021-05-03T12:11:47Z" duration-ms="488" status="PASS">
          <params>
            <param index="0">
              <value>
                <![CDATA[dsogi]]>
              </value>
            </param>
            <param index="1">
              <value>
                <![CDATA[448]]>
              </value>
            </param>
          </params>
          <reporter-output>
          </reporter-output>
        </test-method> <!-- addBook -->
        <test-method signature="deleteBook(java.lang.String, java.lang.String)[pri:0, instance:files.DynamicJson@1cf6d1be]" started-at="2021-05-03T12:11:47Z" name="deleteBook" data-provider="BooksData" finished-at="2021-05-03T12:11:47Z" duration-ms="409" status="PASS">
          <params>
            <param index="0">
              <value>
                <![CDATA[ojobm]]>
              </value>
            </param>
            <param index="1">
              <value>
                <![CDATA[248]]>
              </value>
            </param>
          </params>
          <reporter-output>
          </reporter-output>
        </test-method> <!-- deleteBook -->
        <test-method signature="deleteBook(java.lang.String, java.lang.String)[pri:0, instance:files.DynamicJson@1cf6d1be]" started-at="2021-05-03T12:11:47Z" name="deleteBook" data-provider="BooksData" finished-at="2021-05-03T12:11:47Z" duration-ms="441" status="PASS">
          <params>
            <param index="0">
              <value>
                <![CDATA[khfu]]>
              </value>
            </param>
            <param index="1">
              <value>
                <![CDATA[548]]>
              </value>
            </param>
          </params>
          <reporter-output>
          </reporter-output>
        </test-method> <!-- deleteBook -->
        <test-method signature="deleteBook(java.lang.String, java.lang.String)[pri:0, instance:files.DynamicJson@1cf6d1be]" started-at="2021-05-03T12:11:47Z" name="deleteBook" data-provider="BooksData" finished-at="2021-05-03T12:11:48Z" duration-ms="427" status="PASS">
          <params>
            <param index="0">
              <value>
                <![CDATA[dsogi]]>
              </value>
            </param>
            <param index="1">
              <value>
                <![CDATA[448]]>
              </value>
            </param>
          </params>
          <reporter-output>
          </reporter-output>
        </test-method> <!-- deleteBook -->
      </class> <!-- files.DynamicJson -->
    </test> <!-- Default test -->
  </suite> <!-- Default suite -->
</testng-results>
